[debug] [2018-09-09T12:55:15.472Z] ----------------------------------------------------------------------
[debug] [2018-09-09T12:55:15.479Z] Command:       C:\Program Files\nodejs\node.exe C:\Users\kevmax\AppData\Roaming\npm\node_modules\firebase-tools\bin\firebase deploy
[debug] [2018-09-09T12:55:15.480Z] CLI Version:   3.18.4
[debug] [2018-09-09T12:55:15.480Z] Platform:      win32
[debug] [2018-09-09T12:55:15.480Z] Node Version:  v8.9.0
[debug] [2018-09-09T12:55:15.481Z] Time:          Sun Sep 09 2018 13:55:15 GMT+0100 (Afr. centrale Ouest)
[debug] [2018-09-09T12:55:15.481Z] ----------------------------------------------------------------------
[debug] 
[debug] [2018-09-09T12:55:15.523Z] > command requires scopes: ["email","openid","https://www.googleapis.com/auth/cloudplatformprojects.readonly","https://www.googleapis.com/auth/firebase","https://www.googleapis.com/auth/cloud-platform"]
[debug] [2018-09-09T12:55:15.524Z] > authorizing via signed-in user
[debug] [2018-09-09T12:55:15.531Z] > refreshing access token with scopes: ["email","https://www.googleapis.com/auth/cloud-platform","https://www.googleapis.com/auth/cloudplatformprojects.readonly","https://www.googleapis.com/auth/firebase","openid"]
[debug] [2018-09-09T12:55:15.532Z] >>> HTTP REQUEST POST https://www.googleapis.com/oauth2/v3/token  
 { refresh_token: '1/f20j6F8BvyU2-7krAfbdR1sAdXUu3vyuUowGyIzJm94xVMkLsyqnb-WFqX0N-_CW',
  client_id: '563584335869-fgrhgmd47bqnekij5i8b5pr03ho849e6.apps.googleusercontent.com',
  client_secret: 'j9iVZfS8kkCEFUPaAeJV0sAi',
  grant_type: 'refresh_token',
  scope: 'email https://www.googleapis.com/auth/cloud-platform https://www.googleapis.com/auth/cloudplatformprojects.readonly https://www.googleapis.com/auth/firebase openid' } 
 Sun Sep 09 2018 13:55:15 GMT+0100 (Afr. centrale Ouest)
[debug] [2018-09-09T12:55:21.585Z] <<< HTTP RESPONSE 200
[debug] [2018-09-09T12:55:22.171Z] >>> HTTP REQUEST GET https://admin.firebase.com/v1/projects/ezykargo-61790  
  
 Sun Sep 09 2018 13:55:22 GMT+0100 (Afr. centrale Ouest)
[debug] [2018-09-09T12:55:26.763Z] <<< HTTP RESPONSE 200
[debug] [2018-09-09T12:55:26.764Z] >>> HTTP REQUEST GET https://admin.firebase.com/v1/database/ezykargo-61790/tokens  
  
 Sun Sep 09 2018 13:55:26 GMT+0100 (Afr. centrale Ouest)
[debug] [2018-09-09T12:55:28.092Z] <<< HTTP RESPONSE 200
